<?xml version="1.0" encoding="utf-8"?><testsuites name="pytest tests"><testsuite name="pytest" errors="0" failures="0" skipped="0" tests="13" time="5.369" timestamp="2026-02-01T15:03:26.863915+00:00" hostname="agent-env-fa2a26cd-7fdf-4805-8834-e25b2e0d58f6"><testcase classname="backend.tests.test_solana_soldier.TestHealthAndStatus" name="test_api_health_check" time="0.483" /><testcase classname="backend.tests.test_solana_soldier.TestHealthAndStatus" name="test_system_status_endpoint" time="0.455" /><testcase classname="backend.tests.test_solana_soldier.TestTradingStats" name="test_trading_stats_endpoint" time="0.454" /><testcase classname="backend.tests.test_solana_soldier.TestTradingStats" name="test_stats_endpoint" time="0.452" /><testcase classname="backend.tests.test_solana_soldier.TestWhaleTracking" name="test_whales_endpoint" time="0.446" /><testcase classname="backend.tests.test_solana_soldier.TestWhaleTracking" name="test_whale_activities_endpoint" time="0.350" /><testcase classname="backend.tests.test_solana_soldier.TestPriceAndTokens" name="test_sol_price_endpoint" time="0.423" /><testcase classname="backend.tests.test_solana_soldier.TestPriceAndTokens" name="test_trending_tokens_endpoint" time="0.417" /><testcase classname="backend.tests.test_solana_soldier.TestPnLAndPositions" name="test_pnl_stats_endpoint" time="0.450" /><testcase classname="backend.tests.test_solana_soldier.TestUserAndWalletEndpoints" name="test_users_endpoint" time="0.347" /><testcase classname="backend.tests.test_solana_soldier.TestUserAndWalletEndpoints" name="test_trades_endpoint" time="0.449" /><testcase classname="backend.tests.test_solana_soldier.TestUserAndWalletEndpoints" name="test_payments_endpoint" time="0.465" /><testcase classname="backend.tests.test_solana_soldier.TestTelegramBot" name="test_telegram_bot_getme" time="0.094" /></testsuite></testsuites>