<?xml version="1.0" encoding="utf-8"?><testsuites name="pytest tests"><testsuite name="pytest" errors="0" failures="1" skipped="0" tests="13" time="6.834" timestamp="2026-02-01T15:03:01.379103+00:00" hostname="agent-env-fa2a26cd-7fdf-4805-8834-e25b2e0d58f6"><testcase classname="backend.tests.test_solana_soldier.TestHealthAndStatus" name="test_api_health_check" time="0.487" /><testcase classname="backend.tests.test_solana_soldier.TestHealthAndStatus" name="test_system_status_endpoint" time="0.458" /><testcase classname="backend.tests.test_solana_soldier.TestTradingStats" name="test_trading_stats_endpoint" time="0.365" /><testcase classname="backend.tests.test_solana_soldier.TestTradingStats" name="test_stats_endpoint" time="0.773" /><testcase classname="backend.tests.test_solana_soldier.TestWhaleTracking" name="test_whales_endpoint" time="0.777"><failure message="AssertionError: assert 'wallets' in {'whales': ['74YhGgHA3x1jcL2TchwChDbRVVXvzSxNbYM6ytCukauM', '2KUCqnm5c49wqG9cUyDiv9fVs12EMmNtBsrKpVZzLovd', 'EthJwgUrj8drTsUZxFt13uBpQeMv3E1ceDyGAseNaxeh', 'CkVqgWTBdZSbiaycU5K1M3JttKdAyjTwRbfZXoFugo65', '7NTV2q79Ee4gqTH1KS52u14BA7GDvDUZmkzd7xE3Kxci', '6cFuSvQS7WU689HSnQufHnghrxkY6qpiq4qKLyUfD86B', ...]}">backend/tests/test_solana_soldier.py:100: in test_whales_endpoint
    assert "wallets" in data
E   AssertionError: assert 'wallets' in {'whales': ['74YhGgHA3x1jcL2TchwChDbRVVXvzSxNbYM6ytCukauM', '2KUCqnm5c49wqG9cUyDiv9fVs12EMmNtBsrKpVZzLovd', 'EthJwgUrj8drTsUZxFt13uBpQeMv3E1ceDyGAseNaxeh', 'CkVqgWTBdZSbiaycU5K1M3JttKdAyjTwRbfZXoFugo65', '7NTV2q79Ee4gqTH1KS52u14BA7GDvDUZmkzd7xE3Kxci', '6cFuSvQS7WU689HSnQufHnghrxkY6qpiq4qKLyUfD86B', ...]}</failure></testcase><testcase classname="backend.tests.test_solana_soldier.TestWhaleTracking" name="test_whale_activities_endpoint" time="0.768" /><testcase classname="backend.tests.test_solana_soldier.TestPriceAndTokens" name="test_sol_price_endpoint" time="0.421" /><testcase classname="backend.tests.test_solana_soldier.TestPriceAndTokens" name="test_trending_tokens_endpoint" time="0.738" /><testcase classname="backend.tests.test_solana_soldier.TestPnLAndPositions" name="test_pnl_stats_endpoint" time="0.660" /><testcase classname="backend.tests.test_solana_soldier.TestUserAndWalletEndpoints" name="test_users_endpoint" time="0.371" /><testcase classname="backend.tests.test_solana_soldier.TestUserAndWalletEndpoints" name="test_trades_endpoint" time="0.349" /><testcase classname="backend.tests.test_solana_soldier.TestUserAndWalletEndpoints" name="test_payments_endpoint" time="0.452" /><testcase classname="backend.tests.test_solana_soldier.TestTelegramBot" name="test_telegram_bot_getme" time="0.082" /></testsuite></testsuites>