<?xml version="1.0" encoding="utf-8"?><testsuites name="pytest tests"><testsuite name="pytest" errors="0" failures="0" skipped="0" tests="31" time="14.655" timestamp="2026-02-02T12:51:36.481734+00:00" hostname="agent-env-fa2a26cd-7fdf-4805-8834-e25b2e0d58f6"><testcase classname="backend.tests.test_api_status_and_admin.TestAPIStatus" name="test_api_status_endpoint_exists" time="0.656" /><testcase classname="backend.tests.test_api_status_and_admin.TestAPIStatus" name="test_solscan_status_upgrade_required" time="0.605" /><testcase classname="backend.tests.test_api_status_and_admin.TestAPIStatus" name="test_helius_status_ok" time="0.617" /><testcase classname="backend.tests.test_api_status_and_admin.TestSystemStatus" name="test_system_status_live_trading_enabled" time="0.445" /><testcase classname="backend.tests.test_api_status_and_admin.TestSystemStatus" name="test_system_status_helius_connected" time="0.448" /><testcase classname="backend.tests.test_api_status_and_admin.TestSystemStatus" name="test_system_status_whale_tracking" time="0.760" /><testcase classname="backend.tests.test_api_status_and_admin.TestAdminTestAPI" name="test_admin_test_solscan_api" time="0.619" /><testcase classname="backend.tests.test_api_status_and_admin.TestHeliusFallback" name="test_helius_api_direct" time="0.517" /><testcase classname="backend.tests.test_api_status_and_admin.TestHeliusFallback" name="test_whales_endpoint_returns_data" time="0.442" /><testcase classname="backend.tests.test_api_status_and_admin.TestTelegramBotCommands" name="test_telegram_bot_running" time="0.083" /><testcase classname="backend.tests.test_api_status_and_admin.TestTelegramBotCommands" name="test_telegram_bot_commands_registered" time="0.066" /><testcase classname="backend.tests.test_solana_soldier.TestHealthAndStatus" name="test_api_health_check" time="0.470" /><testcase classname="backend.tests.test_solana_soldier.TestHealthAndStatus" name="test_system_status_endpoint" time="0.345" /><testcase classname="backend.tests.test_solana_soldier.TestTradingStats" name="test_trading_stats_endpoint" time="0.458" /><testcase classname="backend.tests.test_solana_soldier.TestTradingStats" name="test_stats_endpoint" time="0.344" /><testcase classname="backend.tests.test_solana_soldier.TestWhaleTracking" name="test_whales_endpoint" time="0.766" /><testcase classname="backend.tests.test_solana_soldier.TestWhaleTracking" name="test_whale_activities_endpoint" time="0.345" /><testcase classname="backend.tests.test_solana_soldier.TestPriceAndTokens" name="test_sol_price_endpoint" time="0.756" /><testcase classname="backend.tests.test_solana_soldier.TestPriceAndTokens" name="test_trending_tokens_endpoint" time="0.424" /><testcase classname="backend.tests.test_solana_soldier.TestPnLAndPositions" name="test_pnl_stats_endpoint" time="0.442" /><testcase classname="backend.tests.test_solana_soldier.TestUserAndWalletEndpoints" name="test_users_endpoint" time="0.341" /><testcase classname="backend.tests.test_solana_soldier.TestUserAndWalletEndpoints" name="test_trades_endpoint" time="0.449" /><testcase classname="backend.tests.test_solana_soldier.TestUserAndWalletEndpoints" name="test_payments_endpoint" time="0.472" /><testcase classname="backend.tests.test_solana_soldier.TestTelegramBot" name="test_telegram_bot_getme" time="0.068" /><testcase classname="backend.tests.test_solana_soldier.TestLeaderboard" name="test_leaderboard_endpoint" time="0.450" /><testcase classname="backend.tests.test_solana_soldier.TestAdminDashboard" name="test_admin_dashboard_endpoint" time="0.680" /><testcase classname="backend.tests.test_solana_soldier.TestFaucetMining" name="test_faucets_endpoint" time="0.353" /><testcase classname="backend.tests.test_solana_soldier.TestFaucetMining" name="test_mining_sessions_endpoint" time="0.344" /><testcase classname="backend.tests.test_solana_soldier.TestNFTAggregator" name="test_nft_trending_solana" time="0.955" /><testcase classname="backend.tests.test_solana_soldier.TestNFTAggregator" name="test_nft_trending_ethereum" time="0.525" /><testcase classname="backend.tests.test_solana_soldier.TestQuickTradeAmounts" name="test_system_status_trade_amounts" time="0.344" /></testsuite></testsuites>